[14:07:53] [main/INFO]: Loading Minecraft 1.21.1 with Fabric Loader 0.16.9
[14:07:53] [main/INFO]: Loading 43 mods:
	- fabric-api 0.109.0+1.21.1
	   |-- fabric-api-base 0.4.42+6573ed8c19
	   |-- fabric-api-lookup-api-v1 1.6.70+b559734419
	   |-- fabric-biome-api-v1 13.0.30+be1ed2d719
	   |-- fabric-block-api-v1 1.0.22+0af3f5a719
	   |-- fabric-block-view-api-v2 1.0.10+6573ed8c19
	   |-- fabric-blockrenderlayer-v1 1.1.52+0af3f5a719
	   |-- fabric-client-tags-api-v1 1.1.15+6573ed8c19
	   |-- fabric-command-api-v1 1.2.49+f71b366f19
	   |-- fabric-command-api-v2 2.2.28+6ced4dd919
	   |-- fabric-commands-v0 0.2.66+df3654b319
	   |-- fabric-content-registries-v0 8.0.18+b559734419
	   |-- fabric-convention-tags-v1 2.1.2+7f945d5b19
	   |-- fabric-convention-tags-v2 2.9.2+e60e56d419
	   |-- fabric-crash-report-info-v1 0.2.29+0af3f5a719
	   |-- fabric-data-attachment-api-v1 1.4.0+da19b51a19
	   |-- fabric-data-generation-api-v1 20.2.23+16c4ae2519
	   |-- fabric-dimensions-v1 4.0.0+6fc22b9919
	   |-- fabric-entity-events-v1 1.7.0+2122d82819
	   |-- fabric-events-interaction-v0 0.7.13+ba9dae0619
	   |-- fabric-game-rule-api-v1 1.0.53+6ced4dd919
	   |-- fabric-item-api-v1 11.1.1+d5debaed19
	   |-- fabric-item-group-api-v1 4.1.6+6823f7cd19
	   |-- fabric-key-binding-api-v1 1.0.47+0af3f5a719
	   |-- fabric-keybindings-v0 0.2.45+df3654b319
	   |-- fabric-lifecycle-events-v1 2.5.0+01d9a51c19
	   |-- fabric-loot-api-v2 3.0.15+3f89f5a519
	   |-- fabric-loot-api-v3 1.0.3+3f89f5a519
	   |-- fabric-message-api-v1 6.0.13+6573ed8c19
	   |-- fabric-model-loading-api-v1 2.0.0+fe474d6b19
	   |-- fabric-networking-api-v1 4.3.0+c7469b2119
	   |-- fabric-object-builder-api-v1 15.2.1+40875a9319
	   |-- fabric-particles-v1 4.0.2+6573ed8c19
	   |-- fabric-recipe-api-v1 5.0.13+6508971219
	   |-- fabric-registry-sync-v0 5.1.3+60c3209b19
	   |-- fabric-renderer-api-v1 3.4.0+c705a49c19
	   |-- fabric-renderer-indigo 1.7.0+c705a49c19
	   |-- fabric-renderer-registries-v1 3.2.68+df3654b319
	   |-- fabric-rendering-data-attachment-v1 0.3.48+73761d2e19
	   |-- fabric-rendering-fluids-v1 3.1.6+1daea21519
	   |-- fabric-rendering-v0 1.1.71+df3654b319
	   |-- fabric-rendering-v1 5.0.5+df16efd019
	   |-- fabric-resource-conditions-api-v1 4.3.0+8dc279b119
	   |-- fabric-resource-loader-v0 1.3.1+5b5275af19
	   |-- fabric-screen-api-v1 2.0.25+8b68f1c719
	   |-- fabric-screen-handler-api-v1 1.3.87+b559734419
	   |-- fabric-sound-api-v1 1.0.23+6573ed8c19
	   |-- fabric-transfer-api-v1 5.4.2+95bead5f19
	   \-- fabric-transitive-access-wideners-v1 6.1.0+1daea21519
	- fabricloader 0.16.9
	   \-- mixinextras 0.4.1
	- java 21
	- jei 19.21.0.247
	- minecraft 1.21.1
	- xaerominimap 24.6.1
[14:07:53] [main/INFO]: SpongePowered MIXIN Subsystem Version=0.8.7 Source=file:/workspaces/MUNDO-LATINO/servidor_minecraft/libraries/net/fabricmc/sponge-mixin/0.15.4+mixin.0.8.7/sponge-mixin-0.15.4+mixin.0.8.7.jar Service=Knot/Fabric Env=SERVER
[14:07:53] [main/INFO]: Compatibility level set to JAVA_17
[14:07:53] [main/INFO]: Compatibility level set to JAVA_21
[14:07:54] [main/INFO]: Initializing MixinExtras via com.llamalad7.mixinextras.service.MixinExtrasServiceImpl(version=0.4.1).
[14:08:01] [main/INFO]: Loading Xaero's Minimap - Stage 1/2 (Server)
[14:08:01] [main/INFO]: Environment: Environment[sessionHost=https://sessionserver.mojang.com, servicesHost=https://api.minecraftservices.com, name=PROD]
[14:08:03] [main/INFO]: Loaded 1290 recipes
[14:08:03] [main/INFO]: Loaded 1399 advancements
[14:08:03] [main/INFO]: Applied 0 biome modifications to 0 of 64 new biomes in 1.162 ms
[14:08:03] [Server thread/INFO]: Starting minecraft server version 1.21.1
[14:08:03] [Server thread/INFO]: Loading properties
[14:08:03] [Server thread/INFO]: Default game type: SURVIVAL
[14:08:03] [Server thread/INFO]: Generating keypair
[14:08:03] [Server thread/INFO]: Starting Minecraft server on *:25565
[14:08:04] [Server thread/INFO]: Using epoll channel type
[14:08:04] [Server thread/WARN]: **** FAILED TO BIND TO PORT!
[14:08:04] [Server thread/WARN]: The exception was: io.netty.channel.unix.Errors$NativeIoException: bind(..) failed: Address already in use
[14:08:04] [Server thread/WARN]: Perhaps a server is already running on that port?
[14:08:04] [Server thread/ERROR]: Encountered an unexpected exception
java.lang.IllegalStateException: Failed to initialize server
	at knot/net.minecraft.server.MinecraftServer.method_29741(MinecraftServer.java:716) ~[server-intermediary.jar:?]
	at knot/net.minecraft.server.MinecraftServer.method_29739(MinecraftServer.java:281) ~[server-intermediary.jar:?]
	at java.base/java.lang.Thread.run(Thread.java:1583) [?:?]
[14:08:04] [Server thread/ERROR]: This crash report has been saved to: /workspaces/MUNDO-LATINO/servidor_minecraft/crash-reports/crash-2024-11-25_14.08.04-server.txt
[14:08:04] [Server thread/INFO]: Stopping server
[14:08:04] [Server thread/INFO]: Saving worlds
[14:08:04] [Server thread/ERROR]: Exception stopping the server
java.lang.NullPointerException: Cannot invoke "net.minecraft.class_3218.method_8621()" because "$$5" is null
	at knot/net.minecraft.server.MinecraftServer.method_3723(MinecraftServer.java:561) ~[server-intermediary.jar:?]
	at knot/net.minecraft.server.MinecraftServer.method_3782(MinecraftServer.java:620) ~[server-intermediary.jar:?]
	at knot/net.minecraft.class_3176.method_3782(class_3176.java:561) ~[server-intermediary.jar:?]
	at knot/net.minecraft.server.MinecraftServer.method_29741(MinecraftServer.java:735) ~[server-intermediary.jar:?]
	at knot/net.minecraft.server.MinecraftServer.method_29739(MinecraftServer.java:281) ~[server-intermediary.jar:?]
	at java.base/java.lang.Thread.run(Thread.java:1583) [?:?]
